<?xml version="1.0" encoding="UTF-8"?>
<testsuite xmlns:xsi="http://www.w3.org/2001/XMLSchema-instance" xsi:noNamespaceSchemaLocation="https://maven.apache.org/surefire/maven-surefire-plugin/xsd/surefire-test-report.xsd" name="serviceTest" time="3.232" tests="2" errors="0" skipped="0" failures="0">
  <properties>
    <property name="sun.desktop" value="windows"/>
    <property name="awt.toolkit" value="sun.awt.windows.WToolkit"/>
    <property name="file.encoding.pkg" value="sun.io"/>
    <property name="java.specification.version" value="1.8"/>
    <property name="sun.cpu.isalist" value="amd64"/>
    <property name="sun.jnu.encoding" value="GBK"/>
    <property name="java.class.path" value="D:\Documents\Desktop\web开发小组\test\Sys\target\test-classes;D:\Documents\Desktop\web开发小组\test\Sys\target\classes;D:\Program Files\apache-maven-3.6.0\RepMaven\junit\junit\4.12\junit-4.12.jar;D:\Program Files\apache-maven-3.6.0\RepMaven\org\hamcrest\hamcrest-core\1.3\hamcrest-core-1.3.jar;D:\Program Files\apache-maven-3.6.0\RepMaven\org\springframework\spring-web\5.1.3.RELEASE\spring-web-5.1.3.RELEASE.jar;D:\Program Files\apache-maven-3.6.0\RepMaven\org\springframework\spring-webmvc\5.1.3.RELEASE\spring-webmvc-5.1.3.RELEASE.jar;D:\Program Files\apache-maven-3.6.0\RepMaven\org\springframework\spring-expression\5.1.3.RELEASE\spring-expression-5.1.3.RELEASE.jar;D:\Program Files\apache-maven-3.6.0\RepMaven\org\springframework\spring-context\5.1.3.RELEASE\spring-context-5.1.3.RELEASE.jar;D:\Program Files\apache-maven-3.6.0\RepMaven\org\springframework\spring-aspects\4.3.7.RELEASE\spring-aspects-4.3.7.RELEASE.jar;D:\Program Files\apache-maven-3.6.0\RepMaven\org\aspectj\aspectjweaver\1.8.9\aspectjweaver-1.8.9.jar;D:\Program Files\apache-maven-3.6.0\RepMaven\org\springframework\spring-beans\5.1.3.RELEASE\spring-beans-5.1.3.RELEASE.jar;D:\Program Files\apache-maven-3.6.0\RepMaven\org\springframework\spring-aop\5.1.3.RELEASE\spring-aop-5.1.3.RELEASE.jar;D:\Program Files\apache-maven-3.6.0\RepMaven\org\springframework\spring-core\5.1.3.RELEASE\spring-core-5.1.3.RELEASE.jar;D:\Program Files\apache-maven-3.6.0\RepMaven\org\springframework\spring-jcl\5.1.3.RELEASE\spring-jcl-5.1.3.RELEASE.jar;D:\Program Files\apache-maven-3.6.0\RepMaven\org\springframework\spring-test\4.3.7.RELEASE\spring-test-4.3.7.RELEASE.jar;D:\Program Files\apache-maven-3.6.0\RepMaven\org\springframework\spring-context-support\4.0.2.RELEASE\spring-context-support-4.0.2.RELEASE.jar;D:\Program Files\apache-maven-3.6.0\RepMaven\org\springframework\spring-jdbc\4.3.7.RELEASE\spring-jdbc-4.3.7.RELEASE.jar;D:\Program Files\apache-maven-3.6.0\RepMaven\org\springframework\spring-tx\5.1.3.RELEASE\spring-tx-5.1.3.RELEASE.jar;D:\Program Files\apache-maven-3.6.0\RepMaven\org\springframework\spring-oxm\4.0.2.RELEASE\spring-oxm-4.0.2.RELEASE.jar;D:\Program Files\apache-maven-3.6.0\RepMaven\org\mybatis\mybatis\3.4.6\mybatis-3.4.6.jar;D:\Program Files\apache-maven-3.6.0\RepMaven\org\mybatis\mybatis-spring\1.3.2\mybatis-spring-1.3.2.jar;D:\Program Files\apache-maven-3.6.0\RepMaven\mysql\mysql-connector-java\5.1.41\mysql-connector-java-5.1.41.jar;D:\Program Files\apache-maven-3.6.0\RepMaven\commons-dbcp\commons-dbcp\1.4\commons-dbcp-1.4.jar;D:\Program Files\apache-maven-3.6.0\RepMaven\commons-pool\commons-pool\1.5.4\commons-pool-1.5.4.jar;D:\Program Files\apache-maven-3.6.0\RepMaven\commons-logging\commons-logging\1.2\commons-logging-1.2.jar;D:\Program Files\apache-maven-3.6.0\RepMaven\jstl\jstl\1.2\jstl-1.2.jar;D:\Program Files\apache-maven-3.6.0\RepMaven\javax\servlet\javax.servlet-api\3.1.0\javax.servlet-api-3.1.0.jar;D:\Program Files\apache-maven-3.6.0\RepMaven\com\fasterxml\jackson\core\jackson-databind\2.9.8\jackson-databind-2.9.8.jar;D:\Program Files\apache-maven-3.6.0\RepMaven\com\fasterxml\jackson\core\jackson-annotations\2.9.8\jackson-annotations-2.9.8.jar;D:\Program Files\apache-maven-3.6.0\RepMaven\com\fasterxml\jackson\core\jackson-core\2.9.8\jackson-core-2.9.8.jar;D:\Program Files\apache-maven-3.6.0\RepMaven\log4j\log4j\1.2.17\log4j-1.2.17.jar;D:\Program Files\apache-maven-3.6.0\RepMaven\org\apache\logging\log4j\log4j-core\2.6.2\log4j-core-2.6.2.jar;D:\Program Files\apache-maven-3.6.0\RepMaven\org\apache\logging\log4j\log4j-api\2.6.2\log4j-api-2.6.2.jar;D:\Program Files\apache-maven-3.6.0\RepMaven\org\apache\logging\log4j\log4j-web\2.11.1\log4j-web-2.11.1.jar;D:\Program Files\apache-maven-3.6.0\RepMaven\org\slf4j\slf4j-log4j12\1.7.7\slf4j-log4j12-1.7.7.jar;D:\Program Files\apache-maven-3.6.0\RepMaven\org\slf4j\slf4j-api\1.7.21\slf4j-api-1.7.21.jar;D:\Program Files\apache-maven-3.6.0\RepMaven\org\apache\shiro\shiro-core\1.2.3\shiro-core-1.2.3.jar;D:\Program Files\apache-maven-3.6.0\RepMaven\commons-beanutils\commons-beanutils\1.8.3\commons-beanutils-1.8.3.jar;D:\Program Files\apache-maven-3.6.0\RepMaven\org\apache\shiro\shiro-web\1.2.3\shiro-web-1.2.3.jar;D:\Program Files\apache-maven-3.6.0\RepMaven\org\apache\shiro\shiro-spring\1.2.3\shiro-spring-1.2.3.jar;D:\Program Files\apache-maven-3.6.0\RepMaven\org\apache\shiro\shiro-ehcache\1.4.0\shiro-ehcache-1.4.0.jar;D:\Program Files\apache-maven-3.6.0\RepMaven\org\apache\shiro\shiro-cache\1.4.0\shiro-cache-1.4.0.jar;D:\Program Files\apache-maven-3.6.0\RepMaven\org\apache\shiro\shiro-lang\1.4.0\shiro-lang-1.4.0.jar;D:\Program Files\apache-maven-3.6.0\RepMaven\net\sf\ehcache\ehcache-core\2.6.11\ehcache-core-2.6.11.jar;D:\Program Files\apache-maven-3.6.0\RepMaven\org\apache\shiro\shiro-guice\1.4.0\shiro-guice-1.4.0.jar;D:\Program Files\apache-maven-3.6.0\RepMaven\com\google\inject\guice\3.0\guice-3.0.jar;D:\Program Files\apache-maven-3.6.0\RepMaven\javax\inject\javax.inject\1\javax.inject-1.jar;D:\Program Files\apache-maven-3.6.0\RepMaven\aopalliance\aopalliance\1.0\aopalliance-1.0.jar;D:\Program Files\apache-maven-3.6.0\RepMaven\com\google\inject\extensions\guice-multibindings\3.0\guice-multibindings-3.0.jar;D:\Program Files\apache-maven-3.6.0\RepMaven\org\springframework\spring-websocket\4.0.2.RELEASE\spring-websocket-4.0.2.RELEASE.jar;D:\Program Files\apache-maven-3.6.0\RepMaven\javax\websocket\javax.websocket-api\1.1\javax.websocket-api-1.1.jar;D:\Program Files\apache-maven-3.6.0\RepMaven\org\springframework\spring-messaging\4.0.2.RELEASE\spring-messaging-4.0.2.RELEASE.jar;D:\Program Files\apache-maven-3.6.0\RepMaven\com\alibaba\fastjson\1.2.28\fastjson-1.2.28.jar;"/>
    <property name="java.vm.vendor" value="Oracle Corporation"/>
    <property name="sun.arch.data.model" value="64"/>
    <property name="user.variant" value=""/>
    <property name="java.vendor.url" value="http://java.oracle.com/"/>
    <property name="user.timezone" value="Asia/Shanghai"/>
    <property name="java.vm.specification.version" value="1.8"/>
    <property name="os.name" value="Windows 10"/>
    <property name="user.country" value="CN"/>
    <property name="sun.java.launcher" value="SUN_STANDARD"/>
    <property name="sun.boot.library.path" value="D:\Program Files\jdk1.8.0\jre\bin"/>
    <property name="sun.java.command" value="C:\Users\AoiGo\AppData\Local\Temp\surefire5613766874816921026\surefirebooter7723727714091714393.jar C:\Users\AoiGo\AppData\Local\Temp\surefire5613766874816921026 2019-02-21T21-42-55_188-jvmRun1 surefire4544953289155466352tmp surefire_06418532255305170105tmp"/>
    <property name="surefire.test.class.path" value="D:\Documents\Desktop\web开发小组\test\Sys\target\test-classes;D:\Documents\Desktop\web开发小组\test\Sys\target\classes;D:\Program Files\apache-maven-3.6.0\RepMaven\junit\junit\4.12\junit-4.12.jar;D:\Program Files\apache-maven-3.6.0\RepMaven\org\hamcrest\hamcrest-core\1.3\hamcrest-core-1.3.jar;D:\Program Files\apache-maven-3.6.0\RepMaven\org\springframework\spring-web\5.1.3.RELEASE\spring-web-5.1.3.RELEASE.jar;D:\Program Files\apache-maven-3.6.0\RepMaven\org\springframework\spring-webmvc\5.1.3.RELEASE\spring-webmvc-5.1.3.RELEASE.jar;D:\Program Files\apache-maven-3.6.0\RepMaven\org\springframework\spring-expression\5.1.3.RELEASE\spring-expression-5.1.3.RELEASE.jar;D:\Program Files\apache-maven-3.6.0\RepMaven\org\springframework\spring-context\5.1.3.RELEASE\spring-context-5.1.3.RELEASE.jar;D:\Program Files\apache-maven-3.6.0\RepMaven\org\springframework\spring-aspects\4.3.7.RELEASE\spring-aspects-4.3.7.RELEASE.jar;D:\Program Files\apache-maven-3.6.0\RepMaven\org\aspectj\aspectjweaver\1.8.9\aspectjweaver-1.8.9.jar;D:\Program Files\apache-maven-3.6.0\RepMaven\org\springframework\spring-beans\5.1.3.RELEASE\spring-beans-5.1.3.RELEASE.jar;D:\Program Files\apache-maven-3.6.0\RepMaven\org\springframework\spring-aop\5.1.3.RELEASE\spring-aop-5.1.3.RELEASE.jar;D:\Program Files\apache-maven-3.6.0\RepMaven\org\springframework\spring-core\5.1.3.RELEASE\spring-core-5.1.3.RELEASE.jar;D:\Program Files\apache-maven-3.6.0\RepMaven\org\springframework\spring-jcl\5.1.3.RELEASE\spring-jcl-5.1.3.RELEASE.jar;D:\Program Files\apache-maven-3.6.0\RepMaven\org\springframework\spring-test\4.3.7.RELEASE\spring-test-4.3.7.RELEASE.jar;D:\Program Files\apache-maven-3.6.0\RepMaven\org\springframework\spring-context-support\4.0.2.RELEASE\spring-context-support-4.0.2.RELEASE.jar;D:\Program Files\apache-maven-3.6.0\RepMaven\org\springframework\spring-jdbc\4.3.7.RELEASE\spring-jdbc-4.3.7.RELEASE.jar;D:\Program Files\apache-maven-3.6.0\RepMaven\org\springframework\spring-tx\5.1.3.RELEASE\spring-tx-5.1.3.RELEASE.jar;D:\Program Files\apache-maven-3.6.0\RepMaven\org\springframework\spring-oxm\4.0.2.RELEASE\spring-oxm-4.0.2.RELEASE.jar;D:\Program Files\apache-maven-3.6.0\RepMaven\org\mybatis\mybatis\3.4.6\mybatis-3.4.6.jar;D:\Program Files\apache-maven-3.6.0\RepMaven\org\mybatis\mybatis-spring\1.3.2\mybatis-spring-1.3.2.jar;D:\Program Files\apache-maven-3.6.0\RepMaven\mysql\mysql-connector-java\5.1.41\mysql-connector-java-5.1.41.jar;D:\Program Files\apache-maven-3.6.0\RepMaven\commons-dbcp\commons-dbcp\1.4\commons-dbcp-1.4.jar;D:\Program Files\apache-maven-3.6.0\RepMaven\commons-pool\commons-pool\1.5.4\commons-pool-1.5.4.jar;D:\Program Files\apache-maven-3.6.0\RepMaven\commons-logging\commons-logging\1.2\commons-logging-1.2.jar;D:\Program Files\apache-maven-3.6.0\RepMaven\jstl\jstl\1.2\jstl-1.2.jar;D:\Program Files\apache-maven-3.6.0\RepMaven\javax\servlet\javax.servlet-api\3.1.0\javax.servlet-api-3.1.0.jar;D:\Program Files\apache-maven-3.6.0\RepMaven\com\fasterxml\jackson\core\jackson-databind\2.9.8\jackson-databind-2.9.8.jar;D:\Program Files\apache-maven-3.6.0\RepMaven\com\fasterxml\jackson\core\jackson-annotations\2.9.8\jackson-annotations-2.9.8.jar;D:\Program Files\apache-maven-3.6.0\RepMaven\com\fasterxml\jackson\core\jackson-core\2.9.8\jackson-core-2.9.8.jar;D:\Program Files\apache-maven-3.6.0\RepMaven\log4j\log4j\1.2.17\log4j-1.2.17.jar;D:\Program Files\apache-maven-3.6.0\RepMaven\org\apache\logging\log4j\log4j-core\2.6.2\log4j-core-2.6.2.jar;D:\Program Files\apache-maven-3.6.0\RepMaven\org\apache\logging\log4j\log4j-api\2.6.2\log4j-api-2.6.2.jar;D:\Program Files\apache-maven-3.6.0\RepMaven\org\apache\logging\log4j\log4j-web\2.11.1\log4j-web-2.11.1.jar;D:\Program Files\apache-maven-3.6.0\RepMaven\org\slf4j\slf4j-log4j12\1.7.7\slf4j-log4j12-1.7.7.jar;D:\Program Files\apache-maven-3.6.0\RepMaven\org\slf4j\slf4j-api\1.7.21\slf4j-api-1.7.21.jar;D:\Program Files\apache-maven-3.6.0\RepMaven\org\apache\shiro\shiro-core\1.2.3\shiro-core-1.2.3.jar;D:\Program Files\apache-maven-3.6.0\RepMaven\commons-beanutils\commons-beanutils\1.8.3\commons-beanutils-1.8.3.jar;D:\Program Files\apache-maven-3.6.0\RepMaven\org\apache\shiro\shiro-web\1.2.3\shiro-web-1.2.3.jar;D:\Program Files\apache-maven-3.6.0\RepMaven\org\apache\shiro\shiro-spring\1.2.3\shiro-spring-1.2.3.jar;D:\Program Files\apache-maven-3.6.0\RepMaven\org\apache\shiro\shiro-ehcache\1.4.0\shiro-ehcache-1.4.0.jar;D:\Program Files\apache-maven-3.6.0\RepMaven\org\apache\shiro\shiro-cache\1.4.0\shiro-cache-1.4.0.jar;D:\Program Files\apache-maven-3.6.0\RepMaven\org\apache\shiro\shiro-lang\1.4.0\shiro-lang-1.4.0.jar;D:\Program Files\apache-maven-3.6.0\RepMaven\net\sf\ehcache\ehcache-core\2.6.11\ehcache-core-2.6.11.jar;D:\Program Files\apache-maven-3.6.0\RepMaven\org\apache\shiro\shiro-guice\1.4.0\shiro-guice-1.4.0.jar;D:\Program Files\apache-maven-3.6.0\RepMaven\com\google\inject\guice\3.0\guice-3.0.jar;D:\Program Files\apache-maven-3.6.0\RepMaven\javax\inject\javax.inject\1\javax.inject-1.jar;D:\Program Files\apache-maven-3.6.0\RepMaven\aopalliance\aopalliance\1.0\aopalliance-1.0.jar;D:\Program Files\apache-maven-3.6.0\RepMaven\com\google\inject\extensions\guice-multibindings\3.0\guice-multibindings-3.0.jar;D:\Program Files\apache-maven-3.6.0\RepMaven\org\springframework\spring-websocket\4.0.2.RELEASE\spring-websocket-4.0.2.RELEASE.jar;D:\Program Files\apache-maven-3.6.0\RepMaven\javax\websocket\javax.websocket-api\1.1\javax.websocket-api-1.1.jar;D:\Program Files\apache-maven-3.6.0\RepMaven\org\springframework\spring-messaging\4.0.2.RELEASE\spring-messaging-4.0.2.RELEASE.jar;D:\Program Files\apache-maven-3.6.0\RepMaven\com\alibaba\fastjson\1.2.28\fastjson-1.2.28.jar;"/>
    <property name="sun.cpu.endian" value="little"/>
    <property name="user.home" value="C:\Users\AoiGo"/>
    <property name="user.language" value="zh"/>
    <property name="java.specification.vendor" value="Oracle Corporation"/>
    <property name="java.home" value="D:\Program Files\jdk1.8.0\jre"/>
    <property name="basedir" value="D:\Documents\Desktop\web开发小组\test\Sys"/>
    <property name="file.separator" value="\"/>
    <property name="line.separator" value="&#10;"/>
    <property name="java.vm.specification.vendor" value="Oracle Corporation"/>
    <property name="java.specification.name" value="Java Platform API Specification"/>
    <property name="java.awt.graphicsenv" value="sun.awt.Win32GraphicsEnvironment"/>
    <property name="surefire.real.class.path" value="C:\Users\AoiGo\AppData\Local\Temp\surefire5613766874816921026\surefirebooter7723727714091714393.jar"/>
    <property name="sun.boot.class.path" value="D:\Program Files\jdk1.8.0\jre\lib\resources.jar;D:\Program Files\jdk1.8.0\jre\lib\rt.jar;D:\Program Files\jdk1.8.0\jre\lib\sunrsasign.jar;D:\Program Files\jdk1.8.0\jre\lib\jsse.jar;D:\Program Files\jdk1.8.0\jre\lib\jce.jar;D:\Program Files\jdk1.8.0\jre\lib\charsets.jar;D:\Program Files\jdk1.8.0\jre\lib\jfr.jar;D:\Program Files\jdk1.8.0\jre\classes"/>
    <property name="user.script" value=""/>
    <property name="sun.management.compiler" value="HotSpot 64-Bit Tiered Compilers"/>
    <property name="java.runtime.version" value="1.8.0_131-b11"/>
    <property name="user.name" value="AoiGo"/>
    <property name="path.separator" value=";"/>
    <property name="os.version" value="10.0"/>
    <property name="java.endorsed.dirs" value="D:\Program Files\jdk1.8.0\jre\lib\endorsed"/>
    <property name="java.runtime.name" value="Java(TM) SE Runtime Environment"/>
    <property name="file.encoding" value="GBK"/>
    <property name="java.vm.name" value="Java HotSpot(TM) 64-Bit Server VM"/>
    <property name="localRepository" value="D:\Program Files\apache-maven-3.6.0\RepMaven"/>
    <property name="java.vendor.url.bug" value="http://bugreport.sun.com/bugreport/"/>
    <property name="java.io.tmpdir" value="C:\Users\AoiGo\AppData\Local\Temp\"/>
    <property name="idea.version" value="2018.2.5"/>
    <property name="java.version" value="1.8.0_131"/>
    <property name="user.dir" value="D:\Documents\Desktop\web开发小组\test\Sys"/>
    <property name="os.arch" value="amd64"/>
    <property name="java.vm.specification.name" value="Java Virtual Machine Specification"/>
    <property name="java.awt.printerjob" value="sun.awt.windows.WPrinterJob"/>
    <property name="sun.os.patch.level" value=""/>
    <property name="java.library.path" value="D:\Program Files\jdk1.8.0\jre\bin;C:\WINDOWS\Sun\Java\bin;C:\WINDOWS\system32;C:\WINDOWS;D:\Program Files\NetSarang\Xmanager 6\;D:\Program Files\NetSarang\Xftp 6\;D:\Program Files\NetSarang\Xshell 6\;C:\Program Files (x86)\Common Files\Intel\Shared Libraries\redist\intel64\compiler;D:\Program Files\java\jdk1.8.0\bin;C:\ProgramData\Oracle\Java\javapath;C:\WINDOWS\system32;C:\WINDOWS;C:\WINDOWS\System32\Wbem;C:\WINDOWS\System32\WindowsPowerShell\v1.0\;C:\Program Files\Microsoft\Web Platform Installer\;C:\Program Files (x86)\Microsoft ASP.NET\ASP.NET Web Pages\v1.0\;C:\WINDOWS\system32\config\systemprofile\.dnx\bin;C:\Program Files\Microsoft DNX\Dnvm\;C:\Program Files\Microsoft SQL Server\130\Tools\Binn\;D:\Program Files\java\jdk1.8.0\lib\dt.jar;D:\Program Files\java\jdk1.8.0\lib\tools.jar;D:\Program Files\tomcat\apache-tomcat-8.5.34\lib;D:\Program Files\tomcat\apache-tomcat-8.5.34\bin;D:\Program Files\mysql-5.6.34-winx64\bin;D:\Program Files\apache-maven-3.6.0\bin;D:\git\cmd;D:\Qt\Qt5.10.0\5.10.0\msvc2015_64\bin;C:\Program Files\dotnet\;D:\Program Files\python\Scripts\;D:\Program Files\python\;C:\Users\AoiGo\AppData\Local\Microsoft\WindowsApps;C:\Program Files\Bandizip\;C:\Users\AoiGo\AppData\Local\atom\bin;D:\Microsoft VS Code\bin;C:\Users\AoiGo\AppData\Local\Pandoc\;."/>
    <property name="java.vm.info" value="mixed mode"/>
    <property name="java.vendor" value="Oracle Corporation"/>
    <property name="java.vm.version" value="25.131-b11"/>
    <property name="java.ext.dirs" value="D:\Program Files\jdk1.8.0\jre\lib\ext;C:\WINDOWS\Sun\Java\lib\ext"/>
    <property name="sun.io.unicode.encoding" value="UnicodeLittle"/>
    <property name="maven.repo.local" value="D:\Program Files\apache-maven-3.6.0\RepMaven"/>
    <property name="java.class.version" value="52.0"/>
  </properties>
  <testcase name="ServiceTestImpl" classname="serviceTest" time="0.578"/>
  <testcase name="StudentServiceTest" classname="serviceTest" time="0.07"/>
</testsuite>